Switching to track ID: 36u3OBG0C5T7021zsyrfxn
Fetching lyrics for track ID: 36u3OBG0C5T7021zsyrfxn
Error fetching lyrics: 404
Switching to track ID: 33GuZ3taK6RUTQZURuqXxS
Fetching lyrics for track ID: 33GuZ3taK6RUTQZURuqXxS
Fetched 55 lines of lyrics for track ID: 33GuZ3taK6RUTQZURuqXxS
Switching to track ID: 33GuZ3taK6RUTQZURuqXxS
Fetching lyrics for track ID: 33GuZ3taK6RUTQZURuqXxS
Cache hit for track ID: 33GuZ3taK6RUTQZURuqXxS
Switching to track ID: 33GuZ3taK6RUTQZURuqXxS
Fetching lyrics for track ID: 33GuZ3taK6RUTQZURuqXxS
Cache hit for track ID: 33GuZ3taK6RUTQZURuqXxS
Switching to track ID: 33GuZ3taK6RUTQZURuqXxS
Fetching lyrics for track ID: 33GuZ3taK6RUTQZURuqXxS
Cache hit for track ID: 33GuZ3taK6RUTQZURuqXxS
Switching to track ID: 33GuZ3taK6RUTQZURuqXxS
Fetching lyrics for track ID: 33GuZ3taK6RUTQZURuqXxS
Cache hit for track ID: 33GuZ3taK6RUTQZURuqXxS
Switching to track ID: 33GuZ3taK6RUTQZURuqXxS
Fetching lyrics for track ID: 33GuZ3taK6RUTQZURuqXxS
Cache hit for track ID: 33GuZ3taK6RUTQZURuqXxS
Switching to track ID: 33GuZ3taK6RUTQZURuqXxS



Fetching lyrics for track ID: 33GuZ3taK6RUTQZURuqXxS
Cache hit for track ID: 33GuZ3taK6RUTQZURuqXxS

今宵も頭上では


今宵も頭上では
今宵も頭上では
今宵も頭上では
今宵も頭上では
綺麗な満月がキラキラ
今宵も頭上では
綺麗な満月がキラキラ
幸せそうに世界を照らしている
綺麗な満月がキラキラ
幸せそうに世界を照らしている
当の私は
幸せそうに世界を照らしている
当の私は
出来損ないで どうしようも無くて
当の私は
出来損ないで どうしようも無くて
夜明け夢見ては
出来損ないで どうしようも無くて
夜明け夢見ては
地べた這いずり回ってる
夜明け夢見ては
地べた這いずり回ってる
それでも 誰かに見つけて欲しくて
地べた這いずり回ってる
それでも 誰かに見つけて欲しくて
夜空見上げて叫んでいる
それでも 誰かに見つけて欲しくて
夜空見上げて叫んでいる
逃げ出したいなぁ 逃げ出せない
夜空見上げて叫んでいる
逃げ出したいなぁ 逃げ出せない
明るい未来は見えない ねぇ
逃げ出したいなぁ 逃げ出せない
明るい未来は見えない ねぇ
それでも あなたに見つけて欲しくて
明るい未来は見えない ねぇ
それでも あなたに見つけて欲しくて
蝶のように舞い上がるの
それでも あなたに見つけて欲しくて
蝶のように舞い上がるの
欠けた翼で飛んだ
蝶のように舞い上がるの
欠けた翼で飛んだ
醜い星の子ミカヅキ
欠けた翼で飛んだ
醜い星の子ミカヅキ
♪
醜い星の子ミカヅキ
♪
今宵も頭上では
♪
今宵も頭上では
綺麗な満月がゆらゆら
今宵も頭上では
綺麗な満月がゆらゆら
誰かの腕に抱かれて眠っている
綺麗な満月がゆらゆら
誰かの腕に抱かれて眠っている
当の私は
誰かの腕に抱かれて眠っている
当の私は
ひとりの夜に押し潰されては
当の私は
ひとりの夜に押し潰されては
誰にも見えない
ひとりの夜に押し潰されては
誰にも見えない
夜闇這いずり回ってる
誰にも見えない
夜闇這いずり回ってる
それでも 誰にも負けたくなくて
夜闇這いずり回ってる
それでも 誰にも負けたくなくて
宇宙の隅で藻掻いている
それでも 誰にも負けたくなくて
宇宙の隅で藻掻いている
追いつきたいや 追い越したい
宇宙の隅で藻掻いている
追いつきたいや 追い越したい
ああ夢に見たような世界 ねぇ
追いつきたいや 追い越したい
ああ夢に見たような世界 ねぇ
それでも 誰かと比べてばっか
ああ夢に見たような世界 ねぇ
それでも 誰かと比べてばっか
周りを見ては立ち止まって
それでも 誰かと比べてばっか
周りを見ては立ち止まって
欠けたものを探した
周りを見ては立ち止まって
欠けたものを探した
そんな自分を変えたい
欠けたものを探した
そんな自分を変えたい
♪
そんな自分を変えたい
♪
それでも あなたとおんなじ景色が
♪
それでも あなたとおんなじ景色が
また見たいから
それでも あなたとおんなじ景色が
また見たいから
泣き出したくても
また見たいから
泣き出したくても
投げ出したくても
泣き出したくても
投げ出したくても
諦めたりはできない
投げ出したくても
諦めたりはできない
それでも あなたに見つかるように
諦めたりはできない
それでも あなたに見つかるように
サナギは強く手を伸ばすの
それでも あなたに見つかるように
サナギは強く手を伸ばすの
欠けたもの抱きしめて
サナギは強く手を伸ばすの
欠けたもの抱きしめて
願いを放つよミカヅキ
欠けたもの抱きしめて
願いを放つよミカヅキ
それでも 誰かに見つけて欲しくて
願いを放つよミカヅキ
それでも 誰かに見つけて欲しくて
夜空見上げて叫んでいる
それでも 誰かに見つけて欲しくて
夜空見上げて叫んでいる
泣き出したいけど 泣き出さない
夜空見上げて叫んでいる
泣き出したいけど 泣き出さない
もう後戻りなどできない ねぇ
泣き出したいけど 泣き出さない
もう後戻りなどできない ねぇ
それでも あなたに見つけて欲しくて
もう後戻りなどできない ねぇ
それでも あなたに見つけて欲しくて
蝶のように舞い上がるの
それでも あなたに見つけて欲しくて
蝶のように舞い上がるの
欠けた翼で飛ぶよ
蝶のように舞い上がるの
欠けた翼で飛ぶよ
醜い星の子ミカヅキ
欠けた翼で飛ぶよ
醜い星の子ミカヅキ
光を放ったミカヅキ
醜い星の子ミカヅキ
光を放ったミカヅキ
♪
光を放ったミカヅキ
♪
今宵も頭上では
♪
今宵も頭上では
綺麗な満月がキラキラ
今宵も頭上では
綺麗な満月がキラキラ
次は君の番だと笑っている
綺麗な満月がキラキラ
次は君の番だと笑っている

Switching to track ID: 2bBFI5ARYKMq8NjnPeAJ2m



Fetching lyrics for track ID: 2bBFI5ARYKMq8NjnPeAJ2m
Fetched 22 lines of lyrics for track ID: 2bBFI5ARYKMq8NjnPeAJ2m

どうして どうして


どうして どうして
どうして どうして
どうして どうして
どうして どうして
落ちてゆく空の国
Switching to track ID: 2bBFI5ARYKMq8NjnPeAJ2m
Fetching lyrics for track ID: 2bBFI5ARYKMq8NjnPeAJ2m
Cache hit for track ID: 2bBFI5ARYKMq8NjnPeAJ2m
Switching to track ID: 7JPAO45DZOmN2bciVaBia5
Fetching lyrics for track ID: 7JPAO45DZOmN2bciVaBia5
Fetched 60 lines of lyrics for track ID: 7JPAO45DZOmN2bciVaBia5
Switching to track ID: 7JPAO45DZOmN2bciVaBia5
Fetching lyrics for track ID: 7JPAO45DZOmN2bciVaBia5
Cache hit for track ID: 7JPAO45DZOmN2bciVaBia5
Lock file exists. Waiting for it to be released...
Lock file exists. Waiting for it to be released...
Lock file exists. Waiting for it to be released...
Lock file exists. Waiting for it to be released...
Lock file exists. Waiting for it to be released...
Lock file exists. Waiting for it to be released...
Lock file exists. Waiting for it to be released...
Lock file exists. Waiting for it to be released...
Lock file exists. Waiting for it to be released...
Lock file exists. Waiting for it to be released...
Lock file exists. Waiting for it to be released...
Lock file exists. Waiting for it to be released...
Lock file exists. Waiting for it to be released...
Lock file exists. Waiting for it to be released...
Lock file exists. Waiting for it to be released...
Lock file exists. Waiting for it to be released...
Lock file exists. Waiting for it to be released...
Lock file exists. Waiting for it to be released...
Lock file exists. Waiting for it to be released...
Lock file exists. Waiting for it to be released...
Lock file exists. Waiting for it to be released...
Lock file exists. Waiting for it to be released...
Lock file exists. Waiting for it to be released...
Lock file exists. Waiting for it to be released...
Lock file exists. Waiting for it to be released...
Lock file exists. Waiting for it to be released...
Lock file exists. Waiting for it to be released...
Lock file exists. Waiting for it to be released...
Lock file exists. Waiting for it to be released...
Lock file exists. Waiting for it to be released...
Lock file exists. Waiting for it to be released...
Lock file exists. Waiting for it to be released...
Lock file exists. Waiting for it to be released...
Lock file exists. Waiting for it to be released...
Lock file exists. Waiting for it to be released...
Lock file exists. Waiting for it to be released...
Lock file exists. Waiting for it to be released...
Lock file exists. Waiting for it to be released...
Lock file exists. Waiting for it to be released...
Lock file exists. Waiting for it to be released...
Lock file exists. Waiting for it to be released...
Lock file exists. Waiting for it to be released...
Lock file exists. Waiting for it to be released...
Lock file exists. Waiting for it to be released...
Lock file exists. Waiting for it to be released...
Lock file exists. Waiting for it to be released...
Lock file exists. Waiting for it to be released...
Lock file exists. Waiting for it to be released...
Lock file exists. Waiting for it to be released...
Lock file exists. Waiting for it to be released...
Lock file exists. Waiting for it to be released...
Lock file exists. Waiting for it to be released...
Lock file exists. Waiting for it to be released...
Lock file exists. Waiting for it to be released...
Lock file exists. Waiting for it to be released...
Lock file exists. Waiting for it to be released...
Lock file exists. Waiting for it to be released...
Lock file exists. Waiting for it to be released...
Lock file exists. Waiting for it to be released...
Lock file exists. Waiting for it to be released...
Lock file exists. Waiting for it to be released...
Lock file exists. Waiting for it to be released...
Lock file exists. Waiting for it to be released...
Lock file exists. Waiting for it to be released...
Lock file exists. Waiting for it to be released...
Lock file exists. Waiting for it to be released...
Lock file exists. Waiting for it to be released...
Lock file exists. Waiting for it to be released...
Lock file exists. Waiting for it to be released...
Lock file exists. Waiting for it to be released...
Lock file exists. Waiting for it to be released...
Lock file exists. Waiting for it to be released...
Lock file exists. Waiting for it to be released...
Lock file exists. Waiting for it to be released...
Lock file exists. Waiting for it to be released...
Lock file exists. Waiting for it to be released...
Lock file exists. Waiting for it to be released...
Lock file exists. Waiting for it to be released...
Lock file exists. Waiting for it to be released...
Lock file exists. Waiting for it to be released...
Lock file exists. Waiting for it to be released...
Lock file exists. Waiting for it to be released...
Lock file exists. Waiting for it to be released...
Lock file exists. Waiting for it to be released...
Lock file exists. Waiting for it to be released...
Lock file exists. Waiting for it to be released...
Lock file exists. Waiting for it to be released...
Lock file exists. Waiting for it to be released...
Lock file exists. Waiting for it to be released...
Lock file exists. Waiting for it to be released...
Lock file exists. Waiting for it to be released...
Lock file exists. Waiting for it to be released...
Lock file exists. Waiting for it to be released...
Lock file exists. Waiting for it to be released...
Lock file exists. Waiting for it to be released...
Lock file exists. Waiting for it to be released...
Lock file exists. Waiting for it to be released...
Lock file exists. Waiting for it to be released...
Lock file exists. Waiting for it to be released...
Lock file exists. Waiting for it to be released...
Lock file exists. Waiting for it to be released...
Lock file exists. Waiting for it to be released...
Lock file exists. Waiting for it to be released...
Lock file exists. Waiting for it to be released...
Lock file exists. Waiting for it to be released...
Lock file exists. Waiting for it to be released...
Lock file exists. Waiting for it to be released...
Lock file exists. Waiting for it to be released...
Lock file exists. Waiting for it to be released...
Lock file exists. Waiting for it to be released...
Lock file exists. Waiting for it to be released...
Lock file exists. Waiting for it to be released...
Lock file exists. Waiting for it to be released...
Lock file exists. Waiting for it to be released...
Lock file exists. Waiting for it to be released...
Lock file exists. Waiting for it to be released...
Lock file exists. Waiting for it to be released...
Lock file exists. Waiting for it to be released...
Lock file exists. Waiting for it to be released...
Lock file exists. Waiting for it to be released...
Lock file exists. Waiting for it to be released...
Lock file exists. Waiting for it to be released...
Lock file exists. Waiting for it to be released...
Lock file exists. Waiting for it to be released...
Lock file exists. Waiting for it to be released...
Lock file exists. Waiting for it to be released...
Lock file exists. Waiting for it to be released...
Lock file exists. Waiting for it to be released...
Lock file exists. Waiting for it to be released...
Lock file exists. Waiting for it to be released...
Lock file exists. Waiting for it to be released...
Lock file exists. Waiting for it to be released...
Lock file exists. Waiting for it to be released...
Lock file exists. Waiting for it to be released...
Lock file exists. Waiting for it to be released...
Lock file exists. Waiting for it to be released...
Lock file exists. Waiting for it to be released...
Lock file exists. Waiting for it to be released...
Lock file exists. Waiting for it to be released...
Lock file exists. Waiting for it to be released...
Lock file exists. Waiting for it to be released...
Lock file exists. Waiting for it to be released...
Lock file exists. Waiting for it to be released...
Lock file exists. Waiting for it to be released...
Lock file exists. Waiting for it to be released...
Lock file exists. Waiting for it to be released...
Lock file exists. Waiting for it to be released...
Lock file exists. Waiting for it to be released...
Lock file exists. Waiting for it to be released...
Lock file exists. Waiting for it to be released...
Lock file exists. Waiting for it to be released...
Lock file exists. Waiting for it to be released...
Lock file exists. Waiting for it to be released...
Lock file exists. Waiting for it to be released...
Lock file exists. Waiting for it to be released...
Lock file exists. Waiting for it to be released...
Lock file exists. Waiting for it to be released...
Lock file exists. Waiting for it to be released...
Lock file exists. Waiting for it to be released...
Lock file exists. Waiting for it to be released...
Lock file exists. Waiting for it to be released...
Lock file exists. Waiting for it to be released...
Lock file exists. Waiting for it to be released...
Lock file exists. Waiting for it to be released...
Lock file exists. Waiting for it to be released...
Lock file exists. Waiting for it to be released...
Lock file exists. Waiting for it to be released...
Lock file exists. Waiting for it to be released...
Lock file exists. Waiting for it to be released...
Lock file exists. Waiting for it to be released...
Lock file exists. Waiting for it to be released...
Lock file exists. Waiting for it to be released...
Lock file exists. Waiting for it to be released...
Lock file exists. Waiting for it to be released...
Lock file exists. Waiting for it to be released...
Lock file exists. Waiting for it to be released...
Lock file exists. Waiting for it to be released...
Lock file exists. Waiting for it to be released...
Lock file exists. Waiting for it to be released...
Lock file exists. Waiting for it to be released...
Lock file exists. Waiting for it to be released...
Lock file exists. Waiting for it to be released...
Lock file exists. Waiting for it to be released...
Lock file exists. Waiting for it to be released...
Lock file exists. Waiting for it to be released...
Lock file exists. Waiting for it to be released...
Lock file exists. Waiting for it to be released...
Lock file exists. Waiting for it to be released...
Lock file exists. Waiting for it to be released...
Lock file exists. Waiting for it to be released...
Lock file exists. Waiting for it to be released...
Lock file exists. Waiting for it to be released...
Lock file exists. Waiting for it to be released...
Lock file exists. Waiting for it to be released...
Lock file exists. Waiting for it to be released...
Lock file exists. Waiting for it to be released...
Lock file exists. Waiting for it to be released...
Lock file exists. Waiting for it to be released...
Lock file exists. Waiting for it to be released...
Lock file exists. Waiting for it to be released...
Lock file exists. Waiting for it to be released...
Lock file exists. Waiting for it to be released...
Lock file exists. Waiting for it to be released...
Lock file exists. Waiting for it to be released...
Lock file exists. Waiting for it to be released...
Lock file exists. Waiting for it to be released...
Lock file exists. Waiting for it to be released...
Lock file exists. Waiting for it to be released...
Lock file exists. Waiting for it to be released...
Lock file exists. Waiting for it to be released...
Lock file exists. Waiting for it to be released...
Lock file exists. Waiting for it to be released...
Lock file exists. Waiting for it to be released...
Lock file exists. Waiting for it to be released...
Lock file exists. Waiting for it to be released...
Lock file exists. Waiting for it to be released...
Lock file exists. Waiting for it to be released...
Lock file exists. Waiting for it to be released...
Lock file exists. Waiting for it to be released...
Lock file exists. Waiting for it to be released...
Lock file exists. Waiting for it to be released...
Lock file exists. Waiting for it to be released...
Lock file exists. Waiting for it to be released...
Lock file exists. Waiting for it to be released...
Lock file exists. Waiting for it to be released...
Lock file exists. Waiting for it to be released...
Lock file exists. Waiting for it to be released...
Lock file exists. Waiting for it to be released...
Lock file exists. Waiting for it to be released...
Lock file exists. Waiting for it to be released...
Lock file exists. Waiting for it to be released...
Lock file exists. Waiting for it to be released...
Lock file exists. Waiting for it to be released...
Lock file exists. Waiting for it to be released...
Lock file exists. Waiting for it to be released...
Lock file exists. Waiting for it to be released...
Lock file exists. Waiting for it to be released...
Lock file exists. Waiting for it to be released...
Lock file exists. Waiting for it to be released...
Lock file exists. Waiting for it to be released...
Lock file exists. Waiting for it to be released...
Lock file exists. Waiting for it to be released...
Lock file exists. Waiting for it to be released...
Lock file exists. Waiting for it to be released...
Lock file exists. Waiting for it to be released...
Lock file exists. Waiting for it to be released...
Lock file exists. Waiting for it to be released...
Lock file exists. Waiting for it to be released...
Lock file exists. Waiting for it to be released...
Lock file exists. Waiting for it to be released...
Lock file exists. Waiting for it to be released...
Lock file exists. Waiting for it to be released...
Lock file exists. Waiting for it to be released...
Lock file exists. Waiting for it to be released...
Lock file exists. Waiting for it to be released...
Lock file exists. Waiting for it to be released...
Lock file exists. Waiting for it to be released...
Lock file exists. Waiting for it to be released...
Lock file exists. Waiting for it to be released...
Lock file exists. Waiting for it to be released...
Lock file exists. Waiting for it to be released...
Lock file exists. Waiting for it to be released...
Lock file exists. Waiting for it to be released...
Lock file exists. Waiting for it to be released...
Lock file exists. Waiting for it to be released...
Lock file exists. Waiting for it to be released...
Lock file exists. Waiting for it to be released...
Lock file exists. Waiting for it to be released...
Lock file exists. Waiting for it to be released...
Lock file exists. Waiting for it to be released...
Lock file exists. Waiting for it to be released...
Lock file exists. Waiting for it to be released...
Lock file exists. Waiting for it to be released...
Lock file exists. Waiting for it to be released...
Lock file exists. Waiting for it to be released...
Lock file exists. Waiting for it to be released...
Lock file exists. Waiting for it to be released...
Lock file exists. Waiting for it to be released...
